{"C:\\Users\\Arden\\Documents\\Code\\test\\landchecker-backend-nodejs\\src\\constants.ts": {"path":"C:\\Users\\Arden\\Documents\\Code\\test\\landchecker-backend-nodejs\\src\\constants.ts","statementMap":{"0":{"start":{"line":1,"column":0},"end":{"line":1,"column":36}},"1":{"start":{"line":2,"column":19},"end":{"line":2,"column":35}},"2":{"start":{"line":20,"column":4},"end":{"line":20,"column":14}},"3":{"start":{"line":3,"column":22},"end":{"line":3,"column":65}},"4":{"start":{"line":24,"column":4},"end":{"line":24,"column":17}},"5":{"start":{"line":4,"column":29},"end":{"line":10,"column":null}},"6":{"start":{"line":21,"column":4},"end":{"line":21,"column":24}},"7":{"start":{"line":12,"column":25},"end":{"line":14,"column":2}},"8":{"start":{"line":22,"column":4},"end":{"line":22,"column":20}},"9":{"start":{"line":16,"column":24},"end":{"line":18,"column":2}},"10":{"start":{"line":23,"column":4},"end":{"line":23,"column":19}}},"fnMap":{},"branchMap":{},"s":{"0":2,"1":2,"2":2,"3":2,"4":2,"5":2,"6":2,"7":2,"8":2,"9":2,"10":2},"f":{},"b":{}}
,"C:\\Users\\Arden\\Documents\\Code\\test\\landchecker-backend-nodejs\\src\\controller.ts": {"path":"C:\\Users\\Arden\\Documents\\Code\\test\\landchecker-backend-nodejs\\src\\controller.ts","statementMap":{"0":{"start":{"line":2,"column":0},"end":{"line":2,"column":49}},"1":{"start":{"line":3,"column":0},"end":{"line":3,"column":46}},"2":{"start":{"line":4,"column":0},"end":{"line":4,"column":42}},"3":{"start":{"line":5,"column":29},"end":{"line":16,"column":null}},"4":{"start":{"line":5,"column":54},"end":{"line":16,"column":null}},"5":{"start":{"line":6,"column":4},"end":{"line":15,"column":5}},"6":{"start":{"line":7,"column":23},"end":{"line":7,"column":71}},"7":{"start":{"line":8,"column":27},"end":{"line":8,"column":85}},"8":{"start":{"line":9,"column":8},"end":{"line":12,"column":null}},"9":{"start":{"line":14,"column":8},"end":{"line":14,"column":null}},"10":{"start":{"line":63,"column":4},"end":{"line":63,"column":24}},"11":{"start":{"line":18,"column":29},"end":{"line":35,"column":null}},"12":{"start":{"line":18,"column":54},"end":{"line":35,"column":null}},"13":{"start":{"line":19,"column":4},"end":{"line":34,"column":5}},"14":{"start":{"line":20,"column":22},"end":{"line":20,"column":42}},"15":{"start":{"line":21,"column":22},"end":{"line":21,"column":24}},"16":{"start":{"line":22,"column":21},"end":{"line":22,"column":66}},"17":{"start":{"line":23,"column":28},"end":{"line":29,"column":10}},"18":{"start":{"line":23,"column":51},"end":{"line":29,"column":10}},"19":{"start":{"line":24,"column":31},"end":{"line":24,"column":83}},"20":{"start":{"line":25,"column":12},"end":{"line":27,"column":null}},"21":{"start":{"line":30,"column":23},"end":{"line":30,"column":53}},"22":{"start":{"line":31,"column":8},"end":{"line":31,"column":null}},"23":{"start":{"line":33,"column":8},"end":{"line":33,"column":null}},"24":{"start":{"line":64,"column":4},"end":{"line":64,"column":24}},"25":{"start":{"line":37,"column":34},"end":{"line":50,"column":null}},"26":{"start":{"line":37,"column":59},"end":{"line":50,"column":null}},"27":{"start":{"line":38,"column":4},"end":{"line":49,"column":5}},"28":{"start":{"line":39,"column":23},"end":{"line":39,"column":103}},"29":{"start":{"line":39,"column":65},"end":{"line":39,"column":102}},"30":{"start":{"line":40,"column":8},"end":{"line":45,"column":9}},"31":{"start":{"line":41,"column":12},"end":{"line":44,"column":null}},"32":{"start":{"line":46,"column":8},"end":{"line":46,"column":null}},"33":{"start":{"line":48,"column":8},"end":{"line":48,"column":null}},"34":{"start":{"line":66,"column":4},"end":{"line":66,"column":29}},"35":{"start":{"line":52,"column":36},"end":{"line":54,"column":null}},"36":{"start":{"line":52,"column":61},"end":{"line":54,"column":null}},"37":{"start":{"line":53,"column":4},"end":{"line":53,"column":null}},"38":{"start":{"line":65,"column":4},"end":{"line":65,"column":31}},"39":{"start":{"line":56,"column":31},"end":{"line":60,"column":1}},"40":{"start":{"line":57,"column":4},"end":{"line":59,"column":null}},"41":{"start":{"line":67,"column":4},"end":{"line":67,"column":26}}},"fnMap":{"0":{"name":"(anonymous_8)","decl":{"start":{"line":5,"column":29},"end":{"line":5,"column":36}},"loc":{"start":{"line":5,"column":54},"end":{"line":16,"column":null}}},"1":{"name":"(anonymous_9)","decl":{"start":{"line":5,"column":54},"end":{"line":5,"column":null}},"loc":{"start":{"line":5,"column":54},"end":{"line":16,"column":1}}},"2":{"name":"(anonymous_10)","decl":{"start":{"line":18,"column":29},"end":{"line":18,"column":36}},"loc":{"start":{"line":18,"column":54},"end":{"line":35,"column":null}}},"3":{"name":"(anonymous_11)","decl":{"start":{"line":18,"column":54},"end":{"line":18,"column":null}},"loc":{"start":{"line":18,"column":54},"end":{"line":35,"column":1}}},"4":{"name":"(anonymous_12)","decl":{"start":{"line":23,"column":37},"end":{"line":23,"column":44}},"loc":{"start":{"line":23,"column":51},"end":{"line":29,"column":10}}},"5":{"name":"(anonymous_13)","decl":{"start":{"line":23,"column":51},"end":{"line":23,"column":null}},"loc":{"start":{"line":23,"column":51},"end":{"line":29,"column":9}}},"6":{"name":"(anonymous_14)","decl":{"start":{"line":37,"column":34},"end":{"line":37,"column":41}},"loc":{"start":{"line":37,"column":59},"end":{"line":50,"column":null}}},"7":{"name":"(anonymous_15)","decl":{"start":{"line":37,"column":59},"end":{"line":37,"column":null}},"loc":{"start":{"line":37,"column":59},"end":{"line":50,"column":1}}},"8":{"name":"(anonymous_16)","decl":{"start":{"line":39,"column":39},"end":{"line":39,"column":40}},"loc":{"start":{"line":39,"column":65},"end":{"line":39,"column":102}}},"9":{"name":"(anonymous_17)","decl":{"start":{"line":52,"column":36},"end":{"line":52,"column":43}},"loc":{"start":{"line":52,"column":61},"end":{"line":54,"column":null}}},"10":{"name":"(anonymous_18)","decl":{"start":{"line":52,"column":61},"end":{"line":52,"column":null}},"loc":{"start":{"line":52,"column":61},"end":{"line":54,"column":1}}},"11":{"name":"(anonymous_19)","decl":{"start":{"line":56,"column":31},"end":{"line":56,"column":32}},"loc":{"start":{"line":56,"column":44},"end":{"line":60,"column":1}}}},"branchMap":{"0":{"loc":{"start":{"line":20,"column":22},"end":{"line":20,"column":42}},"type":"binary-expr","locations":[{"start":{"line":20,"column":22},"end":{"line":20,"column":37}},{"start":{"line":20,"column":41},"end":{"line":20,"column":42}}]},"1":{"loc":{"start":{"line":20,"column":22},"end":{"line":20,"column":37}},"type":"cond-expr","locations":[{"start":{"line":20,"column":31},"end":{"line":20,"column":33}},{"start":{"line":20,"column":31},"end":{"line":20,"column":37}}]},"2":{"loc":{"start":{"line":20,"column":22},"end":{"line":20,"column":33}},"type":"binary-expr","locations":[{"start":{"line":20,"column":22},"end":{"line":20,"column":33}},{"start":{"line":20,"column":31},"end":{"line":20,"column":33}}]},"3":{"loc":{"start":{"line":40,"column":8},"end":{"line":45,"column":9}},"type":"if","locations":[{"start":{"line":40,"column":8},"end":{"line":45,"column":9}}]}},"s":{"0":1,"1":1,"2":1,"3":1,"4":5,"5":5,"6":5,"7":2,"8":1,"9":4,"10":1,"11":1,"12":2,"13":2,"14":2,"15":2,"16":2,"17":1,"18":1,"19":1,"20":1,"21":1,"22":1,"23":1,"24":1,"25":1,"26":2,"27":2,"28":2,"29":21,"30":2,"31":1,"32":1,"33":1,"34":1,"35":1,"36":1,"37":1,"38":1,"39":1,"40":1,"41":1},"f":{"0":5,"1":5,"2":2,"3":2,"4":1,"5":1,"6":2,"7":2,"8":21,"9":1,"10":1,"11":1},"b":{"0":[2,1],"1":[1,1],"2":[2,2],"3":[1]}}
,"C:\\Users\\Arden\\Documents\\Code\\test\\landchecker-backend-nodejs\\src\\middleware.ts": {"path":"C:\\Users\\Arden\\Documents\\Code\\test\\landchecker-backend-nodejs\\src\\middleware.ts","statementMap":{"0":{"start":{"line":3,"column":21},"end":{"line":8,"column":1}},"1":{"start":{"line":4,"column":64},"end":{"line":4,"column":69}},"2":{"start":{"line":5,"column":4},"end":{"line":7,"column":null}},"3":{"start":{"line":35,"column":4},"end":{"line":35,"column":16}},"4":{"start":{"line":10,"column":31},"end":{"line":20,"column":1}},"5":{"start":{"line":11,"column":4},"end":{"line":19,"column":null}},"6":{"start":{"line":11,"column":50},"end":{"line":19,"column":null}},"7":{"start":{"line":12,"column":8},"end":{"line":18,"column":9}},"8":{"start":{"line":13,"column":12},"end":{"line":13,"column":46}},"9":{"start":{"line":14,"column":12},"end":{"line":14,"column":19}},"10":{"start":{"line":16,"column":12},"end":{"line":16,"column":null}},"11":{"start":{"line":17,"column":12},"end":{"line":17,"column":null}},"12":{"start":{"line":36,"column":4},"end":{"line":36,"column":26}},"13":{"start":{"line":22,"column":30},"end":{"line":32,"column":1}},"14":{"start":{"line":23,"column":4},"end":{"line":31,"column":null}},"15":{"start":{"line":23,"column":50},"end":{"line":31,"column":null}},"16":{"start":{"line":24,"column":8},"end":{"line":30,"column":9}},"17":{"start":{"line":25,"column":12},"end":{"line":25,"column":45}},"18":{"start":{"line":26,"column":12},"end":{"line":26,"column":19}},"19":{"start":{"line":28,"column":12},"end":{"line":28,"column":null}},"20":{"start":{"line":29,"column":12},"end":{"line":29,"column":null}},"21":{"start":{"line":37,"column":4},"end":{"line":37,"column":25}}},"fnMap":{"0":{"name":"(anonymous_7)","decl":{"start":{"line":3,"column":21},"end":{"line":3,"column":22}},"loc":{"start":{"line":3,"column":47},"end":{"line":8,"column":1}}},"1":{"name":"(anonymous_8)","decl":{"start":{"line":10,"column":31},"end":{"line":10,"column":32}},"loc":{"start":{"line":10,"column":42},"end":{"line":20,"column":1}}},"2":{"name":"(anonymous_9)","decl":{"start":{"line":11,"column":11},"end":{"line":11,"column":18}},"loc":{"start":{"line":11,"column":50},"end":{"line":19,"column":null}}},"3":{"name":"(anonymous_10)","decl":{"start":{"line":11,"column":50},"end":{"line":11,"column":null}},"loc":{"start":{"line":11,"column":50},"end":{"line":19,"column":5}}},"4":{"name":"(anonymous_11)","decl":{"start":{"line":22,"column":30},"end":{"line":22,"column":31}},"loc":{"start":{"line":22,"column":41},"end":{"line":32,"column":1}}},"5":{"name":"(anonymous_12)","decl":{"start":{"line":23,"column":11},"end":{"line":23,"column":18}},"loc":{"start":{"line":23,"column":50},"end":{"line":31,"column":null}}},"6":{"name":"(anonymous_13)","decl":{"start":{"line":23,"column":50},"end":{"line":23,"column":null}},"loc":{"start":{"line":23,"column":50},"end":{"line":31,"column":5}}}},"branchMap":{"0":{"loc":{"start":{"line":4,"column":12},"end":{"line":4,"column":28}},"type":"default-arg","locations":[{"start":{"line":4,"column":25},"end":{"line":4,"column":28}}]},"1":{"loc":{"start":{"line":4,"column":30},"end":{"line":4,"column":59}},"type":"default-arg","locations":[{"start":{"line":4,"column":40},"end":{"line":4,"column":59}}]}},"s":{"0":1,"1":2,"2":2,"3":1,"4":1,"5":2,"6":2,"7":2,"8":2,"9":1,"10":1,"11":1,"12":1,"13":1,"14":2,"15":2,"16":2,"17":2,"18":1,"19":1,"20":1,"21":1},"f":{"0":2,"1":2,"2":2,"3":2,"4":2,"5":2,"6":2},"b":{"0":[1],"1":[1]}}
,"C:\\Users\\Arden\\Documents\\Code\\test\\landchecker-backend-nodejs\\src\\services\\csv.ts": {"path":"C:\\Users\\Arden\\Documents\\Code\\test\\landchecker-backend-nodejs\\src\\services\\csv.ts","statementMap":{"0":{"start":{"line":1,"column":0},"end":{"line":1,"column":20}},"1":{"start":{"line":2,"column":0},"end":{"line":2,"column":34}},"2":{"start":{"line":3,"column":0},"end":{"line":3,"column":45}},"3":{"start":{"line":9,"column":25},"end":{"line":47,"column":1}},"4":{"start":{"line":10,"column":28},"end":{"line":13,"column":6}},"5":{"start":{"line":15,"column":23},"end":{"line":15,"column":25}},"6":{"start":{"line":16,"column":4},"end":{"line":46,"column":null}},"7":{"start":{"line":17,"column":8},"end":{"line":45,"column":11}},"8":{"start":{"line":20,"column":12},"end":{"line":27,"column":13}},"9":{"start":{"line":21,"column":16},"end":{"line":26,"column":null}},"10":{"start":{"line":31,"column":12},"end":{"line":40,"column":17}},"11":{"start":{"line":32,"column":30},"end":{"line":32,"column":50}},"12":{"start":{"line":33,"column":30},"end":{"line":33,"column":50}},"13":{"start":{"line":34,"column":16},"end":{"line":36,"column":17}},"14":{"start":{"line":35,"column":18},"end":{"line":35,"column":28}},"15":{"start":{"line":37,"column":16},"end":{"line":39,"column":17}},"16":{"start":{"line":38,"column":18},"end":{"line":38,"column":27}},"17":{"start":{"line":41,"column":12},"end":{"line":41,"column":null}},"18":{"start":{"line":44,"column":12},"end":{"line":44,"column":null}},"19":{"start":{"line":50,"column":4},"end":{"line":50,"column":20}}},"fnMap":{"0":{"name":"(anonymous_1)","decl":{"start":{"line":9,"column":25},"end":{"line":9,"column":26}},"loc":{"start":{"line":9,"column":48},"end":{"line":47,"column":1}}},"1":{"name":"(anonymous_2)","decl":{"start":{"line":16,"column":23},"end":{"line":16,"column":24}},"loc":{"start":{"line":16,"column":43},"end":{"line":46,"column":5}}},"2":{"name":"(anonymous_3)","decl":{"start":{"line":19,"column":20},"end":{"line":19,"column":21}},"loc":{"start":{"line":19,"column":36},"end":{"line":29,"column":9}}},"3":{"name":"(anonymous_4)","decl":{"start":{"line":30,"column":19},"end":{"line":30,"column":22}},"loc":{"start":{"line":30,"column":24},"end":{"line":42,"column":9}}},"4":{"name":"(anonymous_5)","decl":{"start":{"line":31,"column":28},"end":{"line":31,"column":29}},"loc":{"start":{"line":31,"column":37},"end":{"line":40,"column":15}}},"5":{"name":"(anonymous_6)","decl":{"start":{"line":43,"column":21},"end":{"line":43,"column":22}},"loc":{"start":{"line":43,"column":36},"end":{"line":45,"column":9}}}},"branchMap":{"0":{"loc":{"start":{"line":20,"column":12},"end":{"line":27,"column":13}},"type":"if","locations":[{"start":{"line":20,"column":12},"end":{"line":27,"column":13}}]},"1":{"loc":{"start":{"line":20,"column":16},"end":{"line":20,"column":167}},"type":"binary-expr","locations":[{"start":{"line":20,"column":16},"end":{"line":20,"column":95}},{"start":{"line":20,"column":99},"end":{"line":20,"column":167}}]},"2":{"loc":{"start":{"line":34,"column":16},"end":{"line":36,"column":17}},"type":"if","locations":[{"start":{"line":34,"column":16},"end":{"line":36,"column":17}}]},"3":{"loc":{"start":{"line":37,"column":16},"end":{"line":39,"column":17}},"type":"if","locations":[{"start":{"line":37,"column":16},"end":{"line":39,"column":17}}]}},"s":{"0":1,"1":1,"2":1,"3":1,"4":3,"5":3,"6":3,"7":3,"8":11141,"9":21,"10":2,"11":44,"12":44,"13":44,"14":22,"15":22,"16":22,"17":2,"18":1,"19":1},"f":{"0":3,"1":3,"2":11141,"3":2,"4":44,"5":1},"b":{"0":[21],"1":[11141,21],"2":[22],"3":[22]}}
,"C:\\Users\\Arden\\Documents\\Code\\test\\landchecker-backend-nodejs\\src\\services\\postgre.ts": {"path":"C:\\Users\\Arden\\Documents\\Code\\test\\landchecker-backend-nodejs\\src\\services\\postgre.ts","statementMap":{"0":{"start":{"line":1,"column":0},"end":{"line":1,"column":34}},"1":{"start":{"line":2,"column":0},"end":{"line":2,"column":64}},"2":{"start":{"line":3,"column":9},"end":{"line":3,"column":13}},"3":{"start":{"line":4,"column":22},"end":{"line":49,"column":1}},"4":{"start":{"line":5,"column":4},"end":{"line":8,"column":5}},"5":{"start":{"line":6,"column":20},"end":{"line":6,"column":31}},"6":{"start":{"line":7,"column":8},"end":{"line":7,"column":39}},"7":{"start":{"line":10,"column":24},"end":{"line":26,"column":null}},"8":{"start":{"line":10,"column":42},"end":{"line":26,"column":null}},"9":{"start":{"line":11,"column":22},"end":{"line":14,"column":null}},"10":{"start":{"line":15,"column":8},"end":{"line":25,"column":9}},"11":{"start":{"line":16,"column":27},"end":{"line":16,"column":46}},"12":{"start":{"line":17,"column":12},"end":{"line":17,"column":null}},"13":{"start":{"line":19,"column":12},"end":{"line":23,"column":13}},"14":{"start":{"line":20,"column":16},"end":{"line":20,"column":null}},"15":{"start":{"line":21,"column":16},"end":{"line":21,"column":null}},"16":{"start":{"line":22,"column":16},"end":{"line":22,"column":null}},"17":{"start":{"line":24,"column":12},"end":{"line":24,"column":null}},"18":{"start":{"line":28,"column":23},"end":{"line":43,"column":null}},"19":{"start":{"line":28,"column":55},"end":{"line":43,"column":null}},"20":{"start":{"line":29,"column":21},"end":{"line":29,"column":22}},"21":{"start":{"line":30,"column":8},"end":{"line":42,"column":9}},"22":{"start":{"line":31,"column":12},"end":{"line":33,"column":13}},"23":{"start":{"line":32,"column":16},"end":{"line":32,"column":null}},"24":{"start":{"line":34,"column":26},"end":{"line":37,"column":null}},"25":{"start":{"line":38,"column":27},"end":{"line":38,"column":46}},"26":{"start":{"line":39,"column":12},"end":{"line":39,"column":null}},"27":{"start":{"line":41,"column":12},"end":{"line":41,"column":null}},"28":{"start":{"line":45,"column":4},"end":{"line":48,"column":null}},"29":{"start":{"line":51,"column":0},"end":{"line":51,"column":29}}},"fnMap":{"0":{"name":"(anonymous_8)","decl":{"start":{"line":4,"column":22},"end":{"line":4,"column":25}},"loc":{"start":{"line":4,"column":27},"end":{"line":49,"column":1}}},"1":{"name":"(anonymous_9)","decl":{"start":{"line":10,"column":24},"end":{"line":10,"column":31}},"loc":{"start":{"line":10,"column":42},"end":{"line":26,"column":null}}},"2":{"name":"(anonymous_10)","decl":{"start":{"line":10,"column":42},"end":{"line":10,"column":null}},"loc":{"start":{"line":10,"column":42},"end":{"line":26,"column":5}}},"3":{"name":"(anonymous_11)","decl":{"start":{"line":28,"column":23},"end":{"line":28,"column":30}},"loc":{"start":{"line":28,"column":55},"end":{"line":43,"column":null}}},"4":{"name":"(anonymous_12)","decl":{"start":{"line":28,"column":55},"end":{"line":28,"column":null}},"loc":{"start":{"line":28,"column":55},"end":{"line":43,"column":5}}}},"branchMap":{"0":{"loc":{"start":{"line":5,"column":4},"end":{"line":8,"column":5}},"type":"if","locations":[{"start":{"line":5,"column":4},"end":{"line":8,"column":5}}]},"1":{"loc":{"start":{"line":19,"column":12},"end":{"line":23,"column":13}},"type":"if","locations":[{"start":{"line":19,"column":12},"end":{"line":23,"column":13}}]},"2":{"loc":{"start":{"line":31,"column":12},"end":{"line":33,"column":13}},"type":"if","locations":[{"start":{"line":31,"column":12},"end":{"line":33,"column":13}}]},"3":{"loc":{"start":{"line":31,"column":16},"end":{"line":31,"column":36}},"type":"binary-expr","locations":[{"start":{"line":31,"column":16},"end":{"line":31,"column":28}},{"start":{"line":31,"column":32},"end":{"line":31,"column":36}}]}},"s":{"0":1,"1":1,"2":1,"3":1,"4":7,"5":1,"6":1,"7":7,"8":5,"9":5,"10":5,"11":5,"12":2,"13":3,"14":2,"15":2,"16":2,"17":1,"18":7,"19":2,"20":2,"21":2,"22":2,"23":1,"24":2,"25":2,"26":1,"27":1,"28":7,"29":1},"f":{"0":7,"1":5,"2":5,"3":2,"4":2},"b":{"0":[1],"1":[2],"2":[1],"3":[2,2]}}
}
