{"C:\\Users\\Arden\\Documents\\Code\\test\\landchecker-backend-nodejs\\src\\constants.ts": {"path":"C:\\Users\\Arden\\Documents\\Code\\test\\landchecker-backend-nodejs\\src\\constants.ts","statementMap":{"0":{"start":{"line":1,"column":0},"end":{"line":1,"column":37}},"1":{"start":{"line":2,"column":19},"end":{"line":2,"column":35}},"2":{"start":{"line":16,"column":4},"end":{"line":16,"column":14}},"3":{"start":{"line":3,"column":29},"end":{"line":9,"column":null}},"4":{"start":{"line":17,"column":4},"end":{"line":17,"column":24}},"5":{"start":{"line":11,"column":25},"end":{"line":13,"column":2}},"6":{"start":{"line":18,"column":4},"end":{"line":18,"column":20}}},"fnMap":{},"branchMap":{},"s":{"0":1,"1":1,"2":1,"3":1,"4":1,"5":1,"6":1},"f":{},"b":{}}
,"C:\\Users\\Arden\\Documents\\Code\\test\\landchecker-backend-nodejs\\src\\controller.ts": {"path":"C:\\Users\\Arden\\Documents\\Code\\test\\landchecker-backend-nodejs\\src\\controller.ts","statementMap":{"0":{"start":{"line":2,"column":0},"end":{"line":2,"column":37}},"1":{"start":{"line":3,"column":26},"end":{"line":10,"column":null}},"2":{"start":{"line":3,"column":51},"end":{"line":10,"column":null}},"3":{"start":{"line":4,"column":4},"end":{"line":9,"column":5}},"4":{"start":{"line":5,"column":23},"end":{"line":5,"column":71}},"5":{"start":{"line":6,"column":8},"end":{"line":6,"column":null}},"6":{"start":{"line":8,"column":8},"end":{"line":8,"column":null}},"7":{"start":{"line":19,"column":4},"end":{"line":19,"column":21}},"8":{"start":{"line":12,"column":31},"end":{"line":16,"column":1}},"9":{"start":{"line":13,"column":4},"end":{"line":15,"column":null}},"10":{"start":{"line":20,"column":4},"end":{"line":20,"column":26}}},"fnMap":{"0":{"name":"(anonymous_8)","decl":{"start":{"line":3,"column":26},"end":{"line":3,"column":33}},"loc":{"start":{"line":3,"column":51},"end":{"line":10,"column":null}}},"1":{"name":"(anonymous_9)","decl":{"start":{"line":3,"column":51},"end":{"line":3,"column":null}},"loc":{"start":{"line":3,"column":51},"end":{"line":10,"column":1}}},"2":{"name":"(anonymous_10)","decl":{"start":{"line":12,"column":31},"end":{"line":12,"column":32}},"loc":{"start":{"line":12,"column":44},"end":{"line":16,"column":1}}}},"branchMap":{},"s":{"0":1,"1":1,"2":3,"3":3,"4":3,"5":1,"6":2,"7":1,"8":1,"9":1,"10":1},"f":{"0":3,"1":3,"2":1},"b":{}}
,"C:\\Users\\Arden\\Documents\\Code\\test\\landchecker-backend-nodejs\\src\\postgre.ts": {"path":"C:\\Users\\Arden\\Documents\\Code\\test\\landchecker-backend-nodejs\\src\\postgre.ts","statementMap":{"0":{"start":{"line":1,"column":0},"end":{"line":1,"column":34}},"1":{"start":{"line":2,"column":0},"end":{"line":2,"column":63}},"2":{"start":{"line":3,"column":9},"end":{"line":3,"column":13}},"3":{"start":{"line":4,"column":22},"end":{"line":30,"column":1}},"4":{"start":{"line":5,"column":4},"end":{"line":8,"column":5}},"5":{"start":{"line":6,"column":20},"end":{"line":6,"column":31}},"6":{"start":{"line":7,"column":8},"end":{"line":7,"column":39}},"7":{"start":{"line":10,"column":23},"end":{"line":25,"column":null}},"8":{"start":{"line":10,"column":41},"end":{"line":25,"column":null}},"9":{"start":{"line":11,"column":18},"end":{"line":14,"column":null}},"10":{"start":{"line":15,"column":8},"end":{"line":24,"column":9}},"11":{"start":{"line":16,"column":27},"end":{"line":16,"column":46}},"12":{"start":{"line":17,"column":12},"end":{"line":17,"column":null}},"13":{"start":{"line":19,"column":12},"end":{"line":22,"column":13}},"14":{"start":{"line":20,"column":16},"end":{"line":20,"column":null}},"15":{"start":{"line":21,"column":16},"end":{"line":21,"column":null}},"16":{"start":{"line":23,"column":12},"end":{"line":23,"column":null}},"17":{"start":{"line":27,"column":4},"end":{"line":29,"column":null}},"18":{"start":{"line":32,"column":0},"end":{"line":32,"column":29}}},"fnMap":{"0":{"name":"(anonymous_8)","decl":{"start":{"line":4,"column":22},"end":{"line":4,"column":25}},"loc":{"start":{"line":4,"column":27},"end":{"line":30,"column":1}}},"1":{"name":"(anonymous_9)","decl":{"start":{"line":10,"column":23},"end":{"line":10,"column":30}},"loc":{"start":{"line":10,"column":41},"end":{"line":25,"column":null}}},"2":{"name":"(anonymous_10)","decl":{"start":{"line":10,"column":41},"end":{"line":10,"column":null}},"loc":{"start":{"line":10,"column":41},"end":{"line":25,"column":5}}}},"branchMap":{"0":{"loc":{"start":{"line":5,"column":4},"end":{"line":8,"column":5}},"type":"if","locations":[{"start":{"line":5,"column":4},"end":{"line":8,"column":5}}]},"1":{"loc":{"start":{"line":19,"column":12},"end":{"line":22,"column":13}},"type":"if","locations":[{"start":{"line":19,"column":12},"end":{"line":22,"column":13}}]}},"s":{"0":1,"1":1,"2":1,"3":1,"4":3,"5":1,"6":1,"7":3,"8":3,"9":3,"10":3,"11":3,"12":1,"13":2,"14":1,"15":1,"16":1,"17":3,"18":1},"f":{"0":3,"1":3,"2":3},"b":{"0":[1],"1":[1]}}
}
