TN:
SF:src\constants.ts
FNF:0
FNH:0
DA:1,1
DA:2,1
DA:3,1
DA:11,1
DA:16,1
DA:17,1
DA:18,1
LF:7
LH:7
BRF:0
BRH:0
end_of_record
TN:
SF:src\controller.ts
FN:3,(anonymous_8)
FN:3,(anonymous_9)
FN:12,(anonymous_10)
FNF:3
FNH:2
FNDA:1,(anonymous_8)
FNDA:1,(anonymous_9)
FNDA:0,(anonymous_10)
DA:2,1
DA:3,1
DA:4,1
DA:5,1
DA:6,1
DA:8,0
DA:12,1
DA:13,0
DA:19,1
DA:20,1
LF:10
LH:8
BRF:0
BRH:0
end_of_record
TN:
SF:src\postgre.ts
FN:4,(anonymous_8)
FN:10,(anonymous_9)
FN:10,(anonymous_10)
FNF:3
FNH:3
FNDA:1,(anonymous_8)
FNDA:1,(anonymous_9)
FNDA:1,(anonymous_10)
DA:1,1
DA:2,1
DA:3,1
DA:4,1
DA:5,1
DA:6,1
DA:7,1
DA:10,1
DA:11,1
DA:12,1
DA:16,1
DA:17,1
DA:18,1
DA:20,0
DA:21,0
DA:22,0
DA:23,0
DA:25,0
DA:29,1
DA:34,1
LF:20
LH:15
BRDA:5,0,0,1
BRDA:10,1,0,0
BRDA:10,2,0,1
BRDA:21,3,0,0
BRF:4
BRH:2
end_of_record
