TN:
SF:src\constants.ts
FNF:0
FNH:0
DA:1,1
DA:2,1
DA:3,1
DA:11,1
DA:15,1
DA:19,1
DA:20,1
DA:21,1
DA:22,1
LF:9
LH:9
BRF:0
BRH:0
end_of_record
TN:
SF:src\controller.ts
FN:4,(anonymous_8)
FN:4,(anonymous_9)
FN:13,(anonymous_10)
FN:13,(anonymous_11)
FN:24,(anonymous_12)
FN:24,(anonymous_13)
FN:26,(anonymous_14)
FN:39,(anonymous_15)
FN:39,(anonymous_16)
FN:43,(anonymous_17)
FNF:10
FNH:10
FNDA:4,(anonymous_8)
FNDA:4,(anonymous_9)
FNDA:2,(anonymous_10)
FNDA:2,(anonymous_11)
FNDA:2,(anonymous_12)
FNDA:2,(anonymous_13)
FNDA:21,(anonymous_14)
FNDA:1,(anonymous_15)
FNDA:1,(anonymous_16)
FNDA:1,(anonymous_17)
DA:2,1
DA:3,1
DA:4,4
DA:5,4
DA:6,4
DA:7,1
DA:9,3
DA:13,2
DA:14,2
DA:15,2
DA:16,2
DA:17,2
DA:18,1
DA:20,1
DA:24,2
DA:25,2
DA:26,21
DA:27,2
DA:28,1
DA:33,1
DA:35,1
DA:39,1
DA:40,1
DA:43,1
DA:44,1
DA:50,1
DA:51,1
DA:52,1
DA:53,1
DA:54,1
LF:30
LH:30
BRDA:15,0,0,2
BRDA:15,0,1,1
BRDA:15,1,0,1
BRDA:15,1,1,1
BRDA:15,2,0,2
BRDA:15,2,1,2
BRDA:27,3,0,1
BRF:7
BRH:7
end_of_record
TN:
SF:src\postgre.ts
FN:4,(anonymous_8)
FN:10,(anonymous_9)
FN:10,(anonymous_10)
FN:28,(anonymous_11)
FN:28,(anonymous_12)
FNF:5
FNH:5
FNDA:6,(anonymous_8)
FNDA:4,(anonymous_9)
FNDA:4,(anonymous_10)
FNDA:2,(anonymous_11)
FNDA:2,(anonymous_12)
DA:1,1
DA:2,1
DA:3,1
DA:4,1
DA:5,6
DA:6,1
DA:7,1
DA:10,6
DA:11,4
DA:15,4
DA:16,4
DA:17,1
DA:19,3
DA:20,2
DA:21,2
DA:22,2
DA:24,1
DA:28,6
DA:29,2
DA:30,2
DA:31,2
DA:32,1
DA:34,2
DA:38,2
DA:39,1
DA:41,1
DA:42,1
DA:43,1
DA:47,6
DA:53,1
LF:30
LH:30
BRDA:5,0,0,1
BRDA:19,1,0,2
BRDA:31,2,0,1
BRDA:31,3,0,2
BRDA:31,3,1,2
BRF:5
BRH:5
end_of_record
